0 info it worked if it ends with ok
1 verbose cli [ '/usr/local/bin/node', '/usr/local/bin/npm', 'run', 'clear' ]
2 info using npm@3.10.7
3 info using node@v6.5.0
4 verbose run-script [ 'preclear', 'clear', 'postclear' ]
5 info lifecycle InOutDeliveryBot@1.0.0~preclear: InOutDeliveryBot@1.0.0
6 silly lifecycle InOutDeliveryBot@1.0.0~preclear: no script for preclear, continuing
7 info lifecycle InOutDeliveryBot@1.0.0~clear: InOutDeliveryBot@1.0.0
8 verbose lifecycle InOutDeliveryBot@1.0.0~clear: unsafe-perm in lifecycle true
9 verbose lifecycle InOutDeliveryBot@1.0.0~clear: PATH: /usr/local/lib/node_modules/npm/bin/node-gyp-bin:/www/deliveryBot/node_modules/.bin:/home/john/.sdkman/candidates/groovy/current/bin:/home/john/.sdkman/candidates/grails/current/bin:/home/john/.sdkman/candidates/gradle/current/bin:/usr/local/sbin:/usr/local/bin:/usr/sbin:/usr/bin:/sbin:/bin:/usr/games:/usr/local/games
10 verbose lifecycle InOutDeliveryBot@1.0.0~clear: CWD: /www/deliveryBot
11 silly lifecycle InOutDeliveryBot@1.0.0~clear: Args: [ '-c', 'rm -R dist/' ]
12 silly lifecycle InOutDeliveryBot@1.0.0~clear: Returned: code: 1  signal: null
13 info lifecycle InOutDeliveryBot@1.0.0~clear: Failed to exec clear script
14 verbose stack Error: InOutDeliveryBot@1.0.0 clear: `rm -R dist/`
14 verbose stack Exit status 1
14 verbose stack     at EventEmitter.<anonymous> (/usr/local/lib/node_modules/npm/lib/utils/lifecycle.js:255:16)
14 verbose stack     at emitTwo (events.js:106:13)
14 verbose stack     at EventEmitter.emit (events.js:191:7)
14 verbose stack     at ChildProcess.<anonymous> (/usr/local/lib/node_modules/npm/lib/utils/spawn.js:40:14)
14 verbose stack     at emitTwo (events.js:106:13)
14 verbose stack     at ChildProcess.emit (events.js:191:7)
14 verbose stack     at maybeClose (internal/child_process.js:877:16)
14 verbose stack     at Process.ChildProcess._handle.onexit (internal/child_process.js:226:5)
15 verbose pkgid InOutDeliveryBot@1.0.0
16 verbose cwd /www/deliveryBot
17 error Linux 4.2.0-38-generic
18 error argv "/usr/local/bin/node" "/usr/local/bin/npm" "run" "clear"
19 error node v6.5.0
20 error npm  v3.10.7
21 error code ELIFECYCLE
22 error InOutDeliveryBot@1.0.0 clear: `rm -R dist/`
22 error Exit status 1
23 error Failed at the InOutDeliveryBot@1.0.0 clear script 'rm -R dist/'.
23 error Make sure you have the latest version of node.js and npm installed.
23 error If you do, this is most likely a problem with the InOutDeliveryBot package,
23 error not with npm itself.
23 error Tell the author that this fails on your system:
23 error     rm -R dist/
23 error You can get information on how to open an issue for this project with:
23 error     npm bugs InOutDeliveryBot
23 error Or if that isn't available, you can get their info via:
23 error     npm owner ls InOutDeliveryBot
23 error There is likely additional logging output above.
24 verbose exit [ 1, true ]
